Arguments: 
  /home/grand-rick001/.nvm/versions/node/v18.2.0/bin/node /home/grand-rick001/.nvm/versions/node/v18.2.0/bin/yarn add db-migrate -g

PATH: 
  /home/grand-rick001/.nvm/versions/node/v18.2.0/bin:/home/grand-rick001/.vscode-server/bin/e8a3071ea4344d9d48ef8a4df2c097372b0c5161/bin/remote-cli:/usr/local/sbin:/usr/local/bin:/usr/sbin:/usr/bin:/sbin:/bin:/usr/games:/usr/local/games:/usr/lib/wsl/lib:/mnt/c/Program Files (x86)/NVIDIA Corporation/PhysX/Common:/mnt/c/Windows/system32:/mnt/c/Windows:/mnt/c/Windows/System32/Wbem:/mnt/c/Windows/System32/WindowsPowerShell/v1.0/:/mnt/c/Windows/System32/OpenSSH/:/mnt/c/Program Files (x86)/Intel/Intel(R) Management Engine Components/DAL:/mnt/c/Program Files/Intel/Intel(R) Management Engine Components/DAL:/mnt/c/Program Files/Git/cmd:/mnt/c/ProgramData/chocolatey/bin:/mnt/c/Program Files/dotnet/:/mnt/c/Program Files/nodejs/:/mnt/c/HashiCorp/Vagrant/bin:/mnt/c/Program Files/Docker/Docker/resources/bin:/mnt/c/Program Files/aircrack-ng-1.7-win/bin:/mnt/c/Users/user/AppData/Roaming/npm:/mnt/c/Users/user/AppData/Local/Programs/Microsoft VS Code/bin

Yarn version: 
  1.22.19

Node version: 
  18.2.0

Platform: 
  linux x64

Trace: 
  Error: getaddrinfo EAI_AGAIN registry.yarnpkg.com
      at GetAddrInfoReqWrap.onlookup [as oncomplete] (node:dns:83:26)

npm manifest: 
  {
    "name": "nine-rest-apis",
    "version": "1.0.0",
    "description": "",
    "main": "index.js",
    "scripts": {
      "test": "echo \"Error: no test specified\" && exit 1"
    },
    "keywords": [],
    "author": "",
    "license": "ISC"
  }

yarn manifest: 
  No manifest

Lockfile: 
  No lockfile
